<?xml version="1.0" encoding="UTF-8"?>
<testng-results ignored="2" total="5" passed="3" failed="0" skipped="0">
  <reporter-output>
  </reporter-output>
  <suite started-at="2022-10-18T23:43:26 IST" name="Suite" finished-at="2022-10-18T23:45:28 IST" duration-ms="122487">
    <groups>
    </groups>
    <test started-at="2022-10-18T23:43:26 IST" name="Test1" finished-at="2022-10-18T23:44:30 IST" duration-ms="64798">
      <class name="com.example.FirstTest">
        <test-method is-config="true" signature="config()[pri:0, instance:com.example.FirstTest@7ce026d3]" started-at="2022-10-18T23:43:26 IST" name="config" finished-at="2022-10-18T23:43:57 IST" duration-ms="31664" status="PASS">
          <reporter-output>
          </reporter-output>
        </test-method> <!-- config -->
        <test-method signature="test1()[pri:0, instance:com.example.FirstTest@7ce026d3]" started-at="2022-10-18T23:43:57 IST" name="test1" finished-at="2022-10-18T23:44:30 IST" duration-ms="32708" status="PASS">
          <reporter-output>
          </reporter-output>
        </test-method> <!-- test1 -->
        <test-method is-config="true" signature="quitbrowser()[pri:0, instance:com.example.FirstTest@7ce026d3]" started-at="2022-10-18T23:44:30 IST" name="quitbrowser" finished-at="2022-10-18T23:44:30 IST" duration-ms="364" status="PASS">
          <reporter-output>
          </reporter-output>
        </test-method> <!-- quitbrowser -->
      </class> <!-- com.example.FirstTest -->
    </test> <!-- Test1 -->
    <test started-at="2022-10-18T23:44:30 IST" name="Test2" finished-at="2022-10-18T23:44:50 IST" duration-ms="20007">
      <class name="com.example.FirstTest">
        <test-method is-config="true" signature="config()[pri:0, instance:com.example.FirstTest@7d900ecf]" started-at="2022-10-18T23:44:30 IST" name="config" finished-at="2022-10-18T23:44:38 IST" duration-ms="7307" status="PASS">
          <reporter-output>
          </reporter-output>
        </test-method> <!-- config -->
        <test-method signature="test2()[pri:0, instance:com.example.FirstTest@7d900ecf]" started-at="2022-10-18T23:44:38 IST" name="test2" finished-at="2022-10-18T23:44:50 IST" duration-ms="12351" status="PASS">
          <reporter-output>
          </reporter-output>
        </test-method> <!-- test2 -->
        <test-method is-config="true" signature="quitbrowser()[pri:0, instance:com.example.FirstTest@7d900ecf]" started-at="2022-10-18T23:44:50 IST" name="quitbrowser" finished-at="2022-10-18T23:44:50 IST" duration-ms="341" status="PASS">
          <reporter-output>
          </reporter-output>
        </test-method> <!-- quitbrowser -->
      </class> <!-- com.example.FirstTest -->
    </test> <!-- Test2 -->
    <test started-at="2022-10-18T23:44:50 IST" name="Test3" finished-at="2022-10-18T23:45:28 IST" duration-ms="37614">
      <class name="com.example.SearchTest">
        <test-method is-config="true" signature="beforeTest()[pri:0, instance:com.example.SearchTest@5b799640]" started-at="2022-10-18T23:44:50 IST" name="beforeTest" finished-at="2022-10-18T23:45:18 IST" duration-ms="27813" status="PASS">
          <reporter-output>
          </reporter-output>
        </test-method> <!-- beforeTest -->
        <test-method signature="test3()[pri:0, instance:com.example.SearchTest@5b799640]" started-at="2022-10-18T23:45:18 IST" name="test3" finished-at="2022-10-18T23:45:23 IST" duration-ms="5100" status="PASS">
          <reporter-output>
          </reporter-output>
        </test-method> <!-- test3 -->
        <test-method is-config="true" signature="quitbrowser()[pri:0, instance:com.example.SearchTest@5b799640]" started-at="2022-10-18T23:45:23 IST" name="quitbrowser" finished-at="2022-10-18T23:45:28 IST" duration-ms="4695" status="PASS">
          <reporter-output>
          </reporter-output>
        </test-method> <!-- quitbrowser -->
      </class> <!-- com.example.SearchTest -->
    </test> <!-- Test3 -->
  </suite> <!-- Suite -->
</testng-results>
